{"meta": {"format": 3, "version": "7.11.2", "timestamp": "2025-11-09T16:14:11.519492", "branch_coverage": false, "show_contexts": false}, "files": {"apps/choreography/__init__.py": {"executed_lines": [0], "summary": {"covered_lines": 0, "num_statements": 0, "percent_covered": 100.0, "percent_covered_display": "100", "missing_lines": 0, "excluded_lines": 0}, "missing_lines": [], "excluded_lines": [], "functions": {"": {"executed_lines": [], "summary": {"covered_lines": 0, "num_statements": 0, "percent_covered": 100.0, "percent_covered_display": "100", "missing_lines": 0, "excluded_lines": 0}, "missing_lines": [], "excluded_lines": []}}, "classes": {"": {"executed_lines": [], "summary": {"covered_lines": 0, "num_statements": 0, "percent_covered": 100.0, "percent_covered_display": "100", "missing_lines": 0, "excluded_lines": 0}, "missing_lines": [], "excluded_lines": []}}}, "apps/choreography/admin.py": {"executed_lines": [1, 2, 5, 6, 7, 8, 9, 10, 11, 13, 31, 32, 33, 34, 35, 36, 37, 39, 53, 54, 55, 56, 57, 58, 59], "summary": {"covered_lines": 25, "num_statements": 25, "percent_covered": 100.0, "percent_covered_display": "100", "missing_lines": 0, "excluded_lines": 0}, "missing_lines": [], "excluded_lines": [], "functions": {"": {"executed_lines": [1, 2, 5, 6, 7, 8, 9, 10, 11, 13, 31, 32, 33, 34, 35, 36, 37, 39, 53, 54, 55, 56, 57, 58, 59], "summary": {"covered_lines": 25, "num_statements": 25, "percent_covered": 100.0, "percent_covered_display": "100", "missing_lines": 0, "excluded_lines": 0}, "missing_lines": [], "excluded_lines": []}}, "classes": {"MoveEmbeddingAdmin": {"executed_lines": [], "summary": {"covered_lines": 0, "num_statements": 0, "percent_covered": 100.0, "percent_covered_display": "100", "missing_lines": 0, "excluded_lines": 0}, "missing_lines": [], "excluded_lines": []}, "SongAdmin": {"executed_lines": [], "summary": {"covered_lines": 0, "num_statements": 0, "percent_covered": 100.0, "percent_covered_display": "100", "missing_lines": 0, "excluded_lines": 0}, "missing_lines": [], "excluded_lines": []}, "ChoreographyTaskAdmin": {"executed_lines": [], "summary": {"covered_lines": 0, "num_statements": 0, "percent_covered": 100.0, "percent_covered_display": "100", "missing_lines": 0, "excluded_lines": 0}, "missing_lines": [], "excluded_lines": []}, "": {"executed_lines": [1, 2, 5, 6, 7, 8, 9, 10, 11, 13, 31, 32, 33, 34, 35, 36, 37, 39, 53, 54, 55, 56, 57, 58, 59], "summary": {"covered_lines": 25, "num_statements": 25, "percent_covered": 100.0, "percent_covered_display": "100", "missing_lines": 0, "excluded_lines": 0}, "missing_lines": [], "excluded_lines": []}}}, "apps/choreography/apps.py": {"executed_lines": [1, 4, 5, 6], "summary": {"covered_lines": 4, "num_statements": 4, "percent_covered": 100.0, "percent_covered_display": "100", "missing_lines": 0, "excluded_lines": 0}, "missing_lines": [], "excluded_lines": [], "functions": {"": {"executed_lines": [1, 4, 5, 6], "summary": {"covered_lines": 4, "num_statements": 4, "percent_covered": 100.0, "percent_covered_display": "100", "missing_lines": 0, "excluded_lines": 0}, "missing_lines": [], "excluded_lines": []}}, "classes": {"ChoreographyConfig": {"executed_lines": [], "summary": {"covered_lines": 0, "num_statements": 0, "percent_covered": 100.0, "percent_covered_display": "100", "missing_lines": 0, "excluded_lines": 0}, "missing_lines": [], "excluded_lines": []}, "": {"executed_lines": [1, 4, 5, 6], "summary": {"covered_lines": 4, "num_statements": 4, "percent_covered": 100.0, "percent_covered_display": "100", "missing_lines": 0, "excluded_lines": 0}, "missing_lines": [], "excluded_lines": []}}}, "apps/choreography/models.py": {"executed_lines": [1, 2, 3, 6, 7, 16, 17, 18, 24, 27, 30, 35, 44, 53, 63, 66, 67, 69, 70, 71, 72, 76, 77, 79, 83, 84, 93, 94, 95, 98, 99, 100, 103, 109, 110, 112, 113, 114, 115, 120, 121, 123, 127, 128, 135, 142, 143, 148, 149, 150, 151, 152, 153, 154, 155, 163, 164, 166, 167, 168, 169, 170, 171, 176, 179, 195, 196, 207, 216, 221, 222, 224, 225, 226, 227, 228, 230], "summary": {"covered_lines": 73, "num_statements": 78, "percent_covered": 93.58974358974359, "percent_covered_display": "94", "missing_lines": 5, "excluded_lines": 0}, "missing_lines": [80, 124, 177, 181, 231], "excluded_lines": [], "functions": {"MoveEmbedding.__str__": {"executed_lines": [], "summary": {"covered_lines": 0, "num_statements": 1, "percent_covered": 0.0, "percent_covered_display": "0", "missing_lines": 1, "excluded_lines": 0}, "missing_lines": [80], "excluded_lines": []}, "Song.__str__": {"executed_lines": [], "summary": {"covered_lines": 0, "num_statements": 1, "percent_covered": 0.0, "percent_covered_display": "0", "missing_lines": 1, "excluded_lines": 0}, "missing_lines": [124], "excluded_lines": []}, "ChoreographyTask.__str__": {"executed_lines": [], "summary": {"covered_lines": 0, "num_statements": 1, "percent_covered": 0.0, "percent_covered_display": "0", "missing_lines": 1, "excluded_lines": 0}, "missing_lines": [177], "excluded_lines": []}, "ChoreographyTask.to_dict": {"executed_lines": [], "summary": {"covered_lines": 0, "num_statements": 1, "percent_covered": 0.0, "percent_covered_display": "0", "missing_lines": 1, "excluded_lines": 0}, "missing_lines": [181], "excluded_lines": []}, "Blueprint.__str__": {"executed_lines": [], "summary": {"covered_lines": 0, "num_statements": 1, "percent_covered": 0.0, "percent_covered_display": "0", "missing_lines": 1, "excluded_lines": 0}, "missing_lines": [231], "excluded_lines": []}, "": {"executed_lines": [1, 2, 3, 6, 7, 16, 17, 18, 24, 27, 30, 35, 44, 53, 63, 66, 67, 69, 70, 71, 72, 76, 77, 79, 83, 84, 93, 94, 95, 98, 99, 100, 103, 109, 110, 112, 113, 114, 115, 120, 121, 123, 127, 128, 135, 142, 143, 148, 149, 150, 151, 152, 153, 154, 155, 163, 164, 166, 167, 168, 169, 170, 171, 176, 179, 195, 196, 207, 216, 221, 222, 224, 225, 226, 227, 228, 230], "summary": {"covered_lines": 73, "num_statements": 73, "percent_covered": 100.0, "percent_covered_display": "100", "missing_lines": 0, "excluded_lines": 0}, "missing_lines": [], "excluded_lines": []}}, "classes": {"MoveEmbedding": {"executed_lines": [], "summary": {"covered_lines": 0, "num_statements": 1, "percent_covered": 0.0, "percent_covered_display": "0", "missing_lines": 1, "excluded_lines": 0}, "missing_lines": [80], "excluded_lines": []}, "MoveEmbedding.Meta": {"executed_lines": [], "summary": {"covered_lines": 0, "num_statements": 0, "percent_covered": 100.0, "percent_covered_display": "100", "missing_lines": 0, "excluded_lines": 0}, "missing_lines": [], "excluded_lines": []}, "Song": {"executed_lines": [], "summary": {"covered_lines": 0, "num_statements": 1, "percent_covered": 0.0, "percent_covered_display": "0", "missing_lines": 1, "excluded_lines": 0}, "missing_lines": [124], "excluded_lines": []}, "Song.Meta": {"executed_lines": [], "summary": {"covered_lines": 0, "num_statements": 0, "percent_covered": 100.0, "percent_covered_display": "100", "missing_lines": 0, "excluded_lines": 0}, "missing_lines": [], "excluded_lines": []}, "ChoreographyTask": {"executed_lines": [], "summary": {"covered_lines": 0, "num_statements": 2, "percent_covered": 0.0, "percent_covered_display": "0", "missing_lines": 2, "excluded_lines": 0}, "missing_lines": [177, 181], "excluded_lines": []}, "ChoreographyTask.Meta": {"executed_lines": [], "summary": {"covered_lines": 0, "num_statements": 0, "percent_covered": 100.0, "percent_covered_display": "100", "missing_lines": 0, "excluded_lines": 0}, "missing_lines": [], "excluded_lines": []}, "Blueprint": {"executed_lines": [], "summary": {"covered_lines": 0, "num_statements": 1, "percent_covered": 0.0, "percent_covered_display": "0", "missing_lines": 1, "excluded_lines": 0}, "missing_lines": [231], "excluded_lines": []}, "Blueprint.Meta": {"executed_lines": [], "summary": {"covered_lines": 0, "num_statements": 0, "percent_covered": 100.0, "percent_covered_display": "100", "missing_lines": 0, "excluded_lines": 0}, "missing_lines": [], "excluded_lines": []}, "": {"executed_lines": [1, 2, 3, 6, 7, 16, 17, 18, 24, 27, 30, 35, 44, 53, 63, 66, 67, 69, 70, 71, 72, 76, 77, 79, 83, 84, 93, 94, 95, 98, 99, 100, 103, 109, 110, 112, 113, 114, 115, 120, 121, 123, 127, 128, 135, 142, 143, 148, 149, 150, 151, 152, 153, 154, 155, 163, 164, 166, 167, 168, 169, 170, 171, 176, 179, 195, 196, 207, 216, 221, 222, 224, 225, 226, 227, 228, 230], "summary": {"covered_lines": 73, "num_statements": 73, "percent_covered": 100.0, "percent_covered_display": "100", "missing_lines": 0, "excluded_lines": 0}, "missing_lines": [], "excluded_lines": []}}}, "apps/choreography/serializers.py": {"executed_lines": [1, 2, 5, 6, 12, 13, 14, 15, 18, 19, 25, 26, 27, 28, 31, 32, 37, 38, 43, 49, 56, 58, 59, 60, 63, 64, 70, 71, 72, 73, 74, 75, 76, 77, 78, 79, 81, 82, 83, 87, 90, 91, 96, 97, 98, 99, 100, 101, 102, 103, 105, 106, 107, 111, 115, 116, 121, 127, 134, 135, 140, 145, 150, 152, 154], "summary": {"covered_lines": 58, "num_statements": 62, "percent_covered": 93.54838709677419, "percent_covered_display": "94", "missing_lines": 4, "excluded_lines": 0}, "missing_lines": [129, 130, 131, 153], "excluded_lines": [], "functions": {"SongGenerationSerializer.validate_song_id": {"executed_lines": [58, 59, 60], "summary": {"covered_lines": 3, "num_statements": 3, "percent_covered": 100.0, "percent_covered_display": "100", "missing_lines": 0, "excluded_lines": 0}, "missing_lines": [], "excluded_lines": []}, "QueryParseSerializer.validate_query": {"executed_lines": [], "summary": {"covered_lines": 0, "num_statements": 3, "percent_covered": 0.0, "percent_covered_display": "0", "missing_lines": 3, "excluded_lines": 0}, "missing_lines": [129, 130, 131], "excluded_lines": []}, "AIGenerationSerializer.validate_query": {"executed_lines": [152, 154], "summary": {"covered_lines": 2, "num_statements": 3, "percent_covered": 66.66666666666667, "percent_covered_display": "67", "missing_lines": 1, "excluded_lines": 0}, "missing_lines": [153], "excluded_lines": []}, "": {"executed_lines": [1, 2, 5, 6, 12, 13, 14, 15, 18, 19, 25, 26, 27, 28, 31, 32, 37, 38, 43, 49, 56, 63, 64, 70, 71, 72, 73, 74, 75, 76, 77, 78, 79, 81, 82, 83, 87, 90, 91, 96, 97, 98, 99, 100, 101, 102, 103, 105, 106, 107, 111, 115, 116, 121, 127, 134, 135, 140, 145, 150], "summary": {"covered_lines": 53, "num_statements": 53, "percent_covered": 100.0, "percent_covered_display": "100", "missing_lines": 0, "excluded_lines": 0}, "missing_lines": [], "excluded_lines": []}}, "classes": {"SongSerializer": {"executed_lines": [], "summary": {"covered_lines": 0, "num_statements": 0, "percent_covered": 100.0, "percent_covered_display": "100", "missing_lines": 0, "excluded_lines": 0}, "missing_lines": [], "excluded_lines": []}, "SongSerializer.Meta": {"executed_lines": [], "summary": {"covered_lines": 0, "num_statements": 0, "percent_covered": 100.0, "percent_covered_display": "100", "missing_lines": 0, "excluded_lines": 0}, "missing_lines": [], "excluded_lines": []}, "SongDetailSerializer": {"executed_lines": [], "summary": {"covered_lines": 0, "num_statements": 0, "percent_covered": 100.0, "percent_covered_display": "100", "missing_lines": 0, "excluded_lines": 0}, "missing_lines": [], "excluded_lines": []}, "SongDetailSerializer.Meta": {"executed_lines": [], "summary": {"covered_lines": 0, "num_statements": 0, "percent_covered": 100.0, "percent_covered_display": "100", "missing_lines": 0, "excluded_lines": 0}, "missing_lines": [], "excluded_lines": []}, "SongGenerationSerializer": {"executed_lines": [58, 59, 60], "summary": {"covered_lines": 3, "num_statements": 3, "percent_covered": 100.0, "percent_covered_display": "100", "missing_lines": 0, "excluded_lines": 0}, "missing_lines": [], "excluded_lines": []}, "ChoreographyTaskSerializer": {"executed_lines": [], "summary": {"covered_lines": 0, "num_statements": 0, "percent_covered": 100.0, "percent_covered_display": "100", "missing_lines": 0, "excluded_lines": 0}, "missing_lines": [], "excluded_lines": []}, "ChoreographyTaskSerializer.Meta": {"executed_lines": [], "summary": {"covered_lines": 0, "num_statements": 0, "percent_covered": 100.0, "percent_covered_display": "100", "missing_lines": 0, "excluded_lines": 0}, "missing_lines": [], "excluded_lines": []}, "ChoreographyTaskListSerializer": {"executed_lines": [], "summary": {"covered_lines": 0, "num_statements": 0, "percent_covered": 100.0, "percent_covered_display": "100", "missing_lines": 0, "excluded_lines": 0}, "missing_lines": [], "excluded_lines": []}, "ChoreographyTaskListSerializer.Meta": {"executed_lines": [], "summary": {"covered_lines": 0, "num_statements": 0, "percent_covered": 100.0, "percent_covered_display": "100", "missing_lines": 0, "excluded_lines": 0}, "missing_lines": [], "excluded_lines": []}, "QueryParseSerializer": {"executed_lines": [], "summary": {"covered_lines": 0, "num_statements": 3, "percent_covered": 0.0, "percent_covered_display": "0", "missing_lines": 3, "excluded_lines": 0}, "missing_lines": [129, 130, 131], "excluded_lines": []}, "AIGenerationSerializer": {"executed_lines": [152, 154], "summary": {"covered_lines": 2, "num_statements": 3, "percent_covered": 66.66666666666667, "percent_covered_display": "67", "missing_lines": 1, "excluded_lines": 0}, "missing_lines": [153], "excluded_lines": []}, "": {"executed_lines": [1, 2, 5, 6, 12, 13, 14, 15, 18, 19, 25, 26, 27, 28, 31, 32, 37, 38, 43, 49, 56, 63, 64, 70, 71, 72, 73, 74, 75, 76, 77, 78, 79, 81, 82, 83, 87, 90, 91, 96, 97, 98, 99, 100, 101, 102, 103, 105, 106, 107, 111, 115, 116, 121, 127, 134, 135, 140, 145, 150], "summary": {"covered_lines": 53, "num_statements": 53, "percent_covered": 100.0, "percent_covered_display": "100", "missing_lines": 0, "excluded_lines": 0}, "missing_lines": [], "excluded_lines": []}}}, "apps/choreography/urls.py": {"executed_lines": [1, 2, 11, 18], "summary": {"covered_lines": 4, "num_statements": 4, "percent_covered": 100.0, "percent_covered_display": "100", "missing_lines": 0, "excluded_lines": 0}, "missing_lines": [], "excluded_lines": [], "functions": {"": {"executed_lines": [1, 2, 11, 18], "summary": {"covered_lines": 4, "num_statements": 4, "percent_covered": 100.0, "percent_covered_display": "100", "missing_lines": 0, "excluded_lines": 0}, "missing_lines": [], "excluded_lines": []}}, "classes": {"": {"executed_lines": [1, 2, 11, 18], "summary": {"covered_lines": 4, "num_statements": 4, "percent_covered": 100.0, "percent_covered_display": "100", "missing_lines": 0, "excluded_lines": 0}, "missing_lines": [], "excluded_lines": []}}}, "apps/choreography/views.py": {"executed_lines": [1, 2, 3, 4, 5, 6, 7, 8, 9, 10, 11, 20, 21, 22, 24, 27, 145, 146, 147, 154, 157, 158, 159, 162, 163, 165, 166, 167, 168, 173, 180, 181, 182, 183, 188, 196, 197, 198, 203, 206, 207, 210, 211, 212, 213, 214, 215, 227, 230, 231, 234, 284, 285, 286, 292, 293, 294, 297, 381, 382, 383, 391, 392, 394, 395, 396, 399, 400, 403, 404, 405, 416, 417, 418, 420, 423, 424, 468, 469, 479, 480, 481, 482, 547, 614, 653, 654, 655, 706, 793, 794, 795, 802, 805, 806, 808, 809, 814, 817, 820, 822, 823, 831, 834, 835, 839, 922, 923, 924, 984, 1060, 1061, 1062, 1070, 1071, 1072, 1074, 1075, 1076, 1078, 1079, 1082, 1083, 1084, 1085, 1086, 1087, 1088, 1089, 1090, 1096, 1097, 1098, 1108, 1109, 1110, 1115, 1116, 1117, 1121, 1125, 1126, 1128, 1140, 1142, 1143, 1146, 1147, 1150, 1151, 1152, 1153, 1154, 1155, 1157, 1160, 1167, 1168, 1178, 1179, 1182, 1183, 1188, 1191, 1192, 1193, 1195, 1196, 1206, 1207, 1208, 1209, 1215, 1216, 1217, 1218, 1224, 1225, 1226, 1227, 1228, 1230, 1242], "summary": {"covered_lines": 183, "num_statements": 289, "percent_covered": 63.32179930795848, "percent_covered_display": "63", "missing_lines": 106, "excluded_lines": 0}, "missing_lines": [169, 174, 175, 184, 189, 190, 216, 217, 221, 222, 427, 428, 429, 430, 431, 432, 434, 437, 444, 445, 455, 456, 461, 464, 465, 466, 488, 489, 490, 491, 498, 499, 500, 501, 502, 504, 515, 516, 525, 526, 527, 528, 534, 662, 664, 666, 667, 669, 672, 673, 679, 680, 681, 682, 683, 684, 686, 687, 688, 692, 693, 694, 695, 697, 699, 810, 824, 825, 826, 827, 828, 829, 930, 931, 932, 934, 936, 938, 941, 943, 945, 951, 953, 954, 959, 961, 964, 965, 966, 970, 971, 977, 1119, 1122, 1130, 1131, 1132, 1133, 1134, 1135, 1232, 1233, 1234, 1235, 1236, 1237], "excluded_lines": [], "functions": {"list_songs": {"executed_lines": [154, 157, 158, 159, 162, 163, 165, 166, 167, 168, 173, 180, 181, 182, 183, 188, 196, 197, 198, 203, 206, 207, 210, 211, 212, 213, 214, 215, 227, 230, 231], "summary": {"covered_lines": 31, "num_statements": 41, "percent_covered": 75.60975609756098, "percent_covered_display": "76", "missing_lines": 10, "excluded_lines": 0}, "missing_lines": [169, 174, 175, 184, 189, 190, 216, 217, 221, 222], "excluded_lines": []}, "song_detail": {"executed_lines": [292, 293, 294], "summary": {"covered_lines": 3, "num_statements": 3, "percent_covered": 100.0, "percent_covered_display": "100", "missing_lines": 0, "excluded_lines": 0}, "missing_lines": [], "excluded_lines": []}, "generate_from_song": {"executed_lines": [391, 392, 394, 395, 396, 399, 400, 403, 404, 405, 416, 417, 418, 420, 423, 424, 468, 469, 479, 480, 481, 482], "summary": {"covered_lines": 22, "num_statements": 55, "percent_covered": 40.0, "percent_covered_display": "40", "missing_lines": 33, "excluded_lines": 0}, "missing_lines": [427, 428, 429, 430, 431, 432, 434, 437, 444, 445, 455, 456, 461, 464, 465, 466, 488, 489, 490, 491, 498, 499, 500, 501, 502, 504, 515, 516, 525, 526, 527, 528, 534], "excluded_lines": []}, "task_detail": {"executed_lines": [], "summary": {"covered_lines": 0, "num_statements": 22, "percent_covered": 0.0, "percent_covered_display": "0", "missing_lines": 22, "excluded_lines": 0}, "missing_lines": [662, 664, 666, 667, 669, 672, 673, 679, 680, 681, 682, 683, 684, 686, 687, 688, 692, 693, 694, 695, 697, 699], "excluded_lines": []}, "list_tasks": {"executed_lines": [802, 805, 806, 808, 809, 814, 817, 820, 822, 823, 831, 834, 835], "summary": {"covered_lines": 13, "num_statements": 20, "percent_covered": 65.0, "percent_covered_display": "65", "missing_lines": 7, "excluded_lines": 0}, "missing_lines": [810, 824, 825, 826, 827, 828, 829], "excluded_lines": []}, "parse_natural_language_query": {"executed_lines": [], "summary": {"covered_lines": 0, "num_statements": 20, "percent_covered": 0.0, "percent_covered_display": "0", "missing_lines": 20, "excluded_lines": 0}, "missing_lines": [930, 931, 932, 934, 936, 938, 941, 943, 945, 951, 953, 954, 959, 961, 964, 965, 966, 970, 971, 977], "excluded_lines": []}, "generate_with_ai": {"executed_lines": [1070, 1071, 1072, 1074, 1075, 1076, 1078, 1079, 1082, 1083, 1084, 1085, 1086, 1087, 1088, 1089, 1090, 1096, 1097, 1098, 1108, 1109, 1110, 1115, 1116, 1117, 1121, 1125, 1126, 1128, 1140, 1142, 1143, 1146, 1147, 1150, 1151, 1152, 1153, 1154, 1155, 1157, 1160, 1167, 1168, 1178, 1179, 1182, 1183, 1188, 1191, 1192, 1193, 1195, 1196, 1206, 1207, 1208, 1209, 1215, 1216, 1217, 1218, 1224, 1225, 1226, 1227, 1228, 1230, 1242], "summary": {"covered_lines": 70, "num_statements": 84, "percent_covered": 83.33333333333333, "percent_covered_display": "83", "missing_lines": 14, "excluded_lines": 0}, "missing_lines": [1119, 1122, 1130, 1131, 1132, 1133, 1134, 1135, 1232, 1233, 1234, 1235, 1236, 1237], "excluded_lines": []}, "": {"executed_lines": [1, 2, 3, 4, 5, 6, 7, 8, 9, 10, 11, 20, 21, 22, 24, 27, 145, 146, 147, 234, 284, 285, 286, 297, 381, 382, 383, 547, 614, 653, 654, 655, 706, 793, 794, 795, 839, 922, 923, 924, 984, 1060, 1061, 1062], "summary": {"covered_lines": 44, "num_statements": 44, "percent_covered": 100.0, "percent_covered_display": "100", "missing_lines": 0, "excluded_lines": 0}, "missing_lines": [], "excluded_lines": []}}, "classes": {"": {"executed_lines": [1, 2, 3, 4, 5, 6, 7, 8, 9, 10, 11, 20, 21, 22, 24, 27, 145, 146, 147, 154, 157, 158, 159, 162, 163, 165, 166, 167, 168, 173, 180, 181, 182, 183, 188, 196, 197, 198, 203, 206, 207, 210, 211, 212, 213, 214, 215, 227, 230, 231, 234, 284, 285, 286, 292, 293, 294, 297, 381, 382, 383, 391, 392, 394, 395, 396, 399, 400, 403, 404, 405, 416, 417, 418, 420, 423, 424, 468, 469, 479, 480, 481, 482, 547, 614, 653, 654, 655, 706, 793, 794, 795, 802, 805, 806, 808, 809, 814, 817, 820, 822, 823, 831, 834, 835, 839, 922, 923, 924, 984, 1060, 1061, 1062, 1070, 1071, 1072, 1074, 1075, 1076, 1078, 1079, 1082, 1083, 1084, 1085, 1086, 1087, 1088, 1089, 1090, 1096, 1097, 1098, 1108, 1109, 1110, 1115, 1116, 1117, 1121, 1125, 1126, 1128, 1140, 1142, 1143, 1146, 1147, 1150, 1151, 1152, 1153, 1154, 1155, 1157, 1160, 1167, 1168, 1178, 1179, 1182, 1183, 1188, 1191, 1192, 1193, 1195, 1196, 1206, 1207, 1208, 1209, 1215, 1216, 1217, 1218, 1224, 1225, 1226, 1227, 1228, 1230, 1242], "summary": {"covered_lines": 183, "num_statements": 289, "percent_covered": 63.32179930795848, "percent_covered_display": "63", "missing_lines": 106, "excluded_lines": 0}, "missing_lines": [169, 174, 175, 184, 189, 190, 216, 217, 221, 222, 427, 428, 429, 430, 431, 432, 434, 437, 444, 445, 455, 456, 461, 464, 465, 466, 488, 489, 490, 491, 498, 499, 500, 501, 502, 504, 515, 516, 525, 526, 527, 528, 534, 662, 664, 666, 667, 669, 672, 673, 679, 680, 681, 682, 683, 684, 686, 687, 688, 692, 693, 694, 695, 697, 699, 810, 824, 825, 826, 827, 828, 829, 930, 931, 932, 934, 936, 938, 941, 943, 945, 951, 953, 954, 959, 961, 964, 965, 966, 970, 971, 977, 1119, 1122, 1130, 1131, 1132, 1133, 1134, 1135, 1232, 1233, 1234, 1235, 1236, 1237], "excluded_lines": []}}}, "services/__init__.py": {"executed_lines": [0], "summary": {"covered_lines": 0, "num_statements": 0, "percent_covered": 100.0, "percent_covered_display": "100", "missing_lines": 0, "excluded_lines": 0}, "missing_lines": [], "excluded_lines": [], "functions": {"": {"executed_lines": [], "summary": {"covered_lines": 0, "num_statements": 0, "percent_covered": 100.0, "percent_covered_display": "100", "missing_lines": 0, "excluded_lines": 0}, "missing_lines": [], "excluded_lines": []}}, "classes": {"": {"executed_lines": [], "summary": {"covered_lines": 0, "num_statements": 0, "percent_covered": 100.0, "percent_covered_display": "100", "missing_lines": 0, "excluded_lines": 0}, "missing_lines": [], "excluded_lines": []}}}, "services/blueprint_generator.py": {"executed_lines": [1, 14, 15, 16, 17, 18, 19, 21, 23, 26, 27, 28, 29, 30, 31, 32, 33, 34, 35, 37, 39, 42, 43, 53, 67, 68, 69, 71, 73, 103, 104, 105, 108, 109, 112, 113, 121, 122, 131, 132, 143, 144, 146, 147, 148, 150, 160, 161, 163, 170, 172, 173, 174, 176, 195, 197, 204, 207, 208, 215, 217, 219, 225, 246, 248, 249, 258, 263, 264, 265, 270, 292, 301, 302, 305, 307, 309, 311, 321, 328, 334, 375, 377, 383, 386, 387, 390, 391, 394, 397, 398, 399, 402, 403, 405, 406, 410, 411, 420, 422, 439, 440, 441, 444, 445, 446, 449, 450, 453, 455, 464, 465, 466, 468, 470, 472, 500, 501, 502, 515, 521, 549, 551, 564, 575, 576, 577, 580, 581, 583, 584, 587, 594, 595, 596, 597, 600, 601, 603, 604, 607, 608, 609], "summary": {"covered_lines": 139, "num_statements": 145, "percent_covered": 95.86206896551724, "percent_covered_display": "96", "missing_lines": 6, "excluded_lines": 0}, "missing_lines": [221, 222, 223, 388, 407, 408], "excluded_lines": [], "functions": {"BlueprintConfig.to_dict": {"executed_lines": [39], "summary": {"covered_lines": 1, "num_statements": 1, "percent_covered": 100.0, "percent_covered_display": "100", "missing_lines": 0, "excluded_lines": 0}, "missing_lines": [], "excluded_lines": []}, "BlueprintGenerator.__init__": {"executed_lines": [67, 68, 69, 71], "summary": {"covered_lines": 4, "num_statements": 4, "percent_covered": 100.0, "percent_covered_display": "100", "missing_lines": 0, "excluded_lines": 0}, "missing_lines": [], "excluded_lines": []}, "BlueprintGenerator.generate_blueprint": {"executed_lines": [103, 104, 105, 108, 109, 112, 113, 121, 122, 131, 132, 143, 144, 146, 147, 148], "summary": {"covered_lines": 16, "num_statements": 16, "percent_covered": 100.0, "percent_covered_display": "100", "missing_lines": 0, "excluded_lines": 0}, "missing_lines": [], "excluded_lines": []}, "BlueprintGenerator._analyze_audio": {"executed_lines": [160, 161, 163, 170, 172, 173, 174], "summary": {"covered_lines": 7, "num_statements": 7, "percent_covered": 100.0, "percent_covered_display": "100", "missing_lines": 0, "excluded_lines": 0}, "missing_lines": [], "excluded_lines": []}, "BlueprintGenerator._search_matching_moves": {"executed_lines": [195, 197, 204, 207, 208, 215, 217, 219], "summary": {"covered_lines": 8, "num_statements": 11, "percent_covered": 72.72727272727273, "percent_covered_display": "73", "missing_lines": 3, "excluded_lines": 0}, "missing_lines": [221, 222, 223], "excluded_lines": []}, "BlueprintGenerator._generate_choreography_sequence": {"executed_lines": [246, 248, 249, 258, 263, 264, 265], "summary": {"covered_lines": 7, "num_statements": 7, "percent_covered": 100.0, "percent_covered_display": "100", "missing_lines": 0, "excluded_lines": 0}, "missing_lines": [], "excluded_lines": []}, "BlueprintGenerator._generate_ai_sequence": {"executed_lines": [292, 301, 302, 305, 307, 309], "summary": {"covered_lines": 6, "num_statements": 6, "percent_covered": 100.0, "percent_covered_display": "100", "missing_lines": 0, "excluded_lines": 0}, "missing_lines": [], "excluded_lines": []}, "BlueprintGenerator._create_gemini_prompt": {"executed_lines": [321, 328, 334, 375], "summary": {"covered_lines": 4, "num_statements": 4, "percent_covered": 100.0, "percent_covered_display": "100", "missing_lines": 0, "excluded_lines": 0}, "missing_lines": [], "excluded_lines": []}, "BlueprintGenerator._parse_gemini_response": {"executed_lines": [383, 386, 387, 390, 391, 394, 397, 398, 399, 402, 403, 405, 406, 410, 411, 420], "summary": {"covered_lines": 16, "num_statements": 19, "percent_covered": 84.21052631578948, "percent_covered_display": "84", "missing_lines": 3, "excluded_lines": 0}, "missing_lines": [388, 407, 408], "excluded_lines": []}, "BlueprintGenerator._generate_rule_based_sequence": {"executed_lines": [439, 440, 441, 444, 445, 446, 449, 450, 453, 455, 464, 465, 466, 468, 470], "summary": {"covered_lines": 15, "num_statements": 15, "percent_covered": 100.0, "percent_covered_display": "100", "missing_lines": 0, "excluded_lines": 0}, "missing_lines": [], "excluded_lines": []}, "BlueprintGenerator._create_blueprint_json": {"executed_lines": [500, 501, 502, 515, 521, 549], "summary": {"covered_lines": 6, "num_statements": 6, "percent_covered": 100.0, "percent_covered_display": "100", "missing_lines": 0, "excluded_lines": 0}, "missing_lines": [], "excluded_lines": []}, "BlueprintGenerator.validate_blueprint": {"executed_lines": [564, 575, 576, 577, 580, 581, 583, 584, 587, 594, 595, 596, 597, 600, 601, 603, 604], "summary": {"covered_lines": 17, "num_statements": 17, "percent_covered": 100.0, "percent_covered_display": "100", "missing_lines": 0, "excluded_lines": 0}, "missing_lines": [], "excluded_lines": []}, "": {"executed_lines": [1, 14, 15, 16, 17, 18, 19, 21, 23, 26, 27, 28, 29, 30, 31, 32, 33, 34, 35, 37, 42, 43, 53, 73, 150, 176, 225, 270, 311, 377, 422, 472, 551, 607, 608, 609], "summary": {"covered_lines": 32, "num_statements": 32, "percent_covered": 100.0, "percent_covered_display": "100", "missing_lines": 0, "excluded_lines": 0}, "missing_lines": [], "excluded_lines": []}}, "classes": {"BlueprintConfig": {"executed_lines": [39], "summary": {"covered_lines": 1, "num_statements": 1, "percent_covered": 100.0, "percent_covered_display": "100", "missing_lines": 0, "excluded_lines": 0}, "missing_lines": [], "excluded_lines": []}, "BlueprintGenerator": {"executed_lines": [67, 68, 69, 71, 103, 104, 105, 108, 109, 112, 113, 121, 122, 131, 132, 143, 144, 146, 147, 148, 160, 161, 163, 170, 172, 173, 174, 195, 197, 204, 207, 208, 215, 217, 219, 246, 248, 249, 258, 263, 264, 265, 292, 301, 302, 305, 307, 309, 321, 328, 334, 375, 383, 386, 387, 390, 391, 394, 397, 398, 399, 402, 403, 405, 406, 410, 411, 420, 439, 440, 441, 444, 445, 446, 449, 450, 453, 455, 464, 465, 466, 468, 470, 500, 501, 502, 515, 521, 549, 564, 575, 576, 577, 580, 581, 583, 584, 587, 594, 595, 596, 597, 600, 601, 603, 604], "summary": {"covered_lines": 106, "num_statements": 112, "percent_covered": 94.64285714285714, "percent_covered_display": "95", "missing_lines": 6, "excluded_lines": 0}, "missing_lines": [221, 222, 223, 388, 407, 408], "excluded_lines": []}, "BlueprintGenerationError": {"executed_lines": [], "summary": {"covered_lines": 0, "num_statements": 0, "percent_covered": 100.0, "percent_covered_display": "100", "missing_lines": 0, "excluded_lines": 0}, "missing_lines": [], "excluded_lines": []}, "": {"executed_lines": [1, 14, 15, 16, 17, 18, 19, 21, 23, 26, 27, 28, 29, 30, 31, 32, 33, 34, 35, 37, 42, 43, 53, 73, 150, 176, 225, 270, 311, 377, 422, 472, 551, 607, 608, 609], "summary": {"covered_lines": 32, "num_statements": 32, "percent_covered": 100.0, "percent_covered_display": "100", "missing_lines": 0, "excluded_lines": 0}, "missing_lines": [], "excluded_lines": []}}}, "services/elasticsearch_service.py": {"executed_lines": [], "summary": {"covered_lines": 0, "num_statements": 28, "percent_covered": 0.0, "percent_covered_display": "0", "missing_lines": 28, "excluded_lines": 0}, "missing_lines": [6, 7, 9, 12, 15, 16, 18, 19, 20, 21, 22, 23, 25, 37, 38, 39, 41, 43, 55, 56, 61, 64, 65, 67, 68, 70, 71, 72], "excluded_lines": [], "functions": {"ElasticsearchService.__init__": {"executed_lines": [], "summary": {"covered_lines": 0, "num_statements": 7, "percent_covered": 0.0, "percent_covered_display": "0", "missing_lines": 7, "excluded_lines": 0}, "missing_lines": [16, 18, 19, 20, 21, 22, 23], "excluded_lines": []}, "ElasticsearchService.search_moves": {"executed_lines": [], "summary": {"covered_lines": 0, "num_statements": 15, "percent_covered": 0.0, "percent_covered_display": "0", "missing_lines": 15, "excluded_lines": 0}, "missing_lines": [37, 38, 39, 41, 43, 55, 56, 61, 64, 65, 67, 68, 70, 71, 72], "excluded_lines": []}, "": {"executed_lines": [], "summary": {"covered_lines": 0, "num_statements": 6, "percent_covered": 0.0, "percent_covered_display": "0", "missing_lines": 6, "excluded_lines": 0}, "missing_lines": [6, 7, 9, 12, 15, 25], "excluded_lines": []}}, "classes": {"ElasticsearchService": {"executed_lines": [], "summary": {"covered_lines": 0, "num_statements": 22, "percent_covered": 0.0, "percent_covered_display": "0", "missing_lines": 22, "excluded_lines": 0}, "missing_lines": [16, 18, 19, 20, 21, 22, 23, 37, 38, 39, 41, 43, 55, 56, 61, 64, 65, 67, 68, 70, 71, 72], "excluded_lines": []}, "": {"executed_lines": [], "summary": {"covered_lines": 0, "num_statements": 6, "percent_covered": 0.0, "percent_covered_display": "0", "missing_lines": 6, "excluded_lines": 0}, "missing_lines": [6, 7, 9, 12, 15, 25], "excluded_lines": []}}}, "services/gemini_service.py": {"executed_lines": [1, 12, 13, 14, 15, 16, 17, 18, 19, 21, 22, 23, 28, 31, 32, 33, 34, 35, 36, 37, 38, 39, 41, 45, 46, 51, 52, 54, 62, 63, 64, 66, 68, 69, 91, 95, 98, 99, 108, 118, 124, 126, 127, 143, 144, 211, 243, 287, 347, 348, 398, 428], "summary": {"covered_lines": 48, "num_statements": 184, "percent_covered": 26.08695652173913, "percent_covered_display": "26", "missing_lines": 136, "excluded_lines": 0}, "missing_lines": [24, 25, 26, 43, 48, 70, 73, 79, 80, 81, 82, 84, 87, 88, 89, 119, 134, 135, 137, 138, 139, 140, 141, 157, 158, 160, 163, 180, 182, 183, 185, 188, 191, 194, 203, 204, 206, 207, 209, 227, 228, 229, 232, 233, 234, 236, 238, 239, 240, 241, 253, 254, 255, 256, 259, 260, 261, 262, 264, 265, 266, 267, 269, 270, 271, 272, 274, 275, 276, 277, 279, 297, 300, 301, 302, 303, 304, 305, 307, 310, 311, 312, 313, 315, 318, 319, 320, 321, 322, 323, 324, 325, 327, 330, 331, 332, 333, 335, 337, 339, 364, 365, 367, 383, 384, 385, 388, 390, 391, 393, 394, 396, 409, 410, 411, 414, 415, 416, 418, 420, 421, 422, 423, 424, 425, 426, 443, 446, 447, 449, 450, 452, 453, 456, 457, 459], "excluded_lines": [], "functions": {"ChoreographyParameters.to_dict": {"executed_lines": [], "summary": {"covered_lines": 0, "num_statements": 1, "percent_covered": 0.0, "percent_covered_display": "0", "missing_lines": 1, "excluded_lines": 0}, "missing_lines": [43], "excluded_lines": []}, "ChoreographyParameters.from_dict": {"executed_lines": [], "summary": {"covered_lines": 0, "num_statements": 1, "percent_covered": 0.0, "percent_covered_display": "0", "missing_lines": 1, "excluded_lines": 0}, "missing_lines": [48], "excluded_lines": []}, "RateLimiter.__init__": {"executed_lines": [62, 63, 64], "summary": {"covered_lines": 3, "num_statements": 3, "percent_covered": 100.0, "percent_covered_display": "100", "missing_lines": 0, "excluded_lines": 0}, "missing_lines": [], "excluded_lines": []}, "RateLimiter.__call__": {"executed_lines": [68, 69, 91], "summary": {"covered_lines": 3, "num_statements": 3, "percent_covered": 100.0, "percent_covered_display": "100", "missing_lines": 0, "excluded_lines": 0}, "missing_lines": [], "excluded_lines": []}, "RateLimiter.__call__.wrapper": {"executed_lines": [], "summary": {"covered_lines": 0, "num_statements": 10, "percent_covered": 0.0, "percent_covered_display": "0", "missing_lines": 10, "excluded_lines": 0}, "missing_lines": [70, 73, 79, 80, 81, 82, 84, 87, 88, 89], "excluded_lines": []}, "GeminiService.__init__": {"executed_lines": [118, 124, 126, 127], "summary": {"covered_lines": 4, "num_statements": 12, "percent_covered": 33.333333333333336, "percent_covered_display": "33", "missing_lines": 8, "excluded_lines": 0}, "missing_lines": [119, 134, 135, 137, 138, 139, 140, 141], "excluded_lines": []}, "GeminiService.parse_choreography_request": {"executed_lines": [], "summary": {"covered_lines": 0, "num_statements": 16, "percent_covered": 0.0, "percent_covered_display": "0", "missing_lines": 16, "excluded_lines": 0}, "missing_lines": [157, 158, 160, 163, 180, 182, 183, 185, 188, 191, 194, 203, 204, 206, 207, 209], "excluded_lines": []}, "GeminiService._extract_json": {"executed_lines": [], "summary": {"covered_lines": 0, "num_statements": 11, "percent_covered": 0.0, "percent_covered_display": "0", "missing_lines": 11, "excluded_lines": 0}, "missing_lines": [227, 228, 229, 232, 233, 234, 236, 238, 239, 240, 241], "excluded_lines": []}, "GeminiService._validate_parameters": {"executed_lines": [], "summary": {"covered_lines": 0, "num_statements": 21, "percent_covered": 0.0, "percent_covered_display": "0", "missing_lines": 21, "excluded_lines": 0}, "missing_lines": [253, 254, 255, 256, 259, 260, 261, 262, 264, 265, 266, 267, 269, 270, 271, 272, 274, 275, 276, 277, 279], "excluded_lines": []}, "GeminiService._fallback_parse": {"executed_lines": [], "summary": {"covered_lines": 0, "num_statements": 29, "percent_covered": 0.0, "percent_covered_display": "0", "missing_lines": 29, "excluded_lines": 0}, "missing_lines": [297, 300, 301, 302, 303, 304, 305, 307, 310, 311, 312, 313, 315, 318, 319, 320, 321, 322, 323, 324, 325, 327, 330, 331, 332, 333, 335, 337, 339], "excluded_lines": []}, "GeminiService.suggest_alternatives": {"executed_lines": [], "summary": {"covered_lines": 0, "num_statements": 12, "percent_covered": 0.0, "percent_covered_display": "0", "missing_lines": 12, "excluded_lines": 0}, "missing_lines": [364, 365, 367, 383, 384, 385, 388, 390, 391, 393, 394, 396], "excluded_lines": []}, "GeminiService._extract_json_array": {"executed_lines": [], "summary": {"covered_lines": 0, "num_statements": 14, "percent_covered": 0.0, "percent_covered_display": "0", "missing_lines": 14, "excluded_lines": 0}, "missing_lines": [409, 410, 411, 414, 415, 416, 418, 420, 421, 422, 423, 424, 425, 426], "excluded_lines": []}, "GeminiService._fallback_suggestions": {"executed_lines": [], "summary": {"covered_lines": 0, "num_statements": 10, "percent_covered": 0.0, "percent_covered_display": "0", "missing_lines": 10, "excluded_lines": 0}, "missing_lines": [443, 446, 447, 449, 450, 452, 453, 456, 457, 459], "excluded_lines": []}, "": {"executed_lines": [1, 12, 13, 14, 15, 16, 17, 18, 19, 21, 22, 23, 28, 31, 32, 33, 34, 35, 36, 37, 38, 39, 41, 45, 46, 51, 52, 54, 66, 95, 98, 99, 108, 143, 144, 211, 243, 287, 347, 348, 398, 428], "summary": {"covered_lines": 38, "num_statements": 41, "percent_covered": 92.6829268292683, "percent_covered_display": "93", "missing_lines": 3, "excluded_lines": 0}, "missing_lines": [24, 25, 26], "excluded_lines": []}}, "classes": {"ChoreographyParameters": {"executed_lines": [], "summary": {"covered_lines": 0, "num_statements": 2, "percent_covered": 0.0, "percent_covered_display": "0", "missing_lines": 2, "excluded_lines": 0}, "missing_lines": [43, 48], "excluded_lines": []}, "RateLimiter": {"executed_lines": [62, 63, 64, 68, 69, 91], "summary": {"covered_lines": 6, "num_statements": 16, "percent_covered": 37.5, "percent_covered_display": "38", "missing_lines": 10, "excluded_lines": 0}, "missing_lines": [70, 73, 79, 80, 81, 82, 84, 87, 88, 89], "excluded_lines": []}, "GeminiService": {"executed_lines": [118, 124, 126, 127], "summary": {"covered_lines": 4, "num_statements": 125, "percent_covered": 3.2, "percent_covered_display": "3", "missing_lines": 121, "excluded_lines": 0}, "missing_lines": [119, 134, 135, 137, 138, 139, 140, 141, 157, 158, 160, 163, 180, 182, 183, 185, 188, 191, 194, 203, 204, 206, 207, 209, 227, 228, 229, 232, 233, 234, 236, 238, 239, 240, 241, 253, 254, 255, 256, 259, 260, 261, 262, 264, 265, 266, 267, 269, 270, 271, 272, 274, 275, 276, 277, 279, 297, 300, 301, 302, 303, 304, 305, 307, 310, 311, 312, 313, 315, 318, 319, 320, 321, 322, 323, 324, 325, 327, 330, 331, 332, 333, 335, 337, 339, 364, 365, 367, 383, 384, 385, 388, 390, 391, 393, 394, 396, 409, 410, 411, 414, 415, 416, 418, 420, 421, 422, 423, 424, 425, 426, 443, 446, 447, 449, 450, 452, 453, 456, 457, 459], "excluded_lines": []}, "": {"executed_lines": [1, 12, 13, 14, 15, 16, 17, 18, 19, 21, 22, 23, 28, 31, 32, 33, 34, 35, 36, 37, 38, 39, 41, 45, 46, 51, 52, 54, 66, 95, 98, 99, 108, 143, 144, 211, 243, 287, 347, 348, 398, 428], "summary": {"covered_lines": 38, "num_statements": 41, "percent_covered": 92.6829268292683, "percent_covered_display": "93", "missing_lines": 3, "excluded_lines": 0}, "missing_lines": [24, 25, 26], "excluded_lines": []}}}, "services/jobs_service.py": {"executed_lines": [1, 39, 40, 41, 42, 44, 47, 48, 49, 52, 53, 54, 57, 58, 61, 62, 63, 65, 66, 67, 68, 71, 72, 73, 74, 79, 80, 82, 97, 109, 111, 112, 116, 119, 120, 124, 126, 132, 133, 135, 136, 137, 148, 150, 160, 162, 163, 164, 178, 179, 189, 192, 193, 202, 203, 206, 207, 217, 219, 231, 233, 235, 246, 252, 261, 271, 275, 278, 279, 283, 284, 292, 293, 303, 305, 307, 317, 320, 330, 332, 345, 350, 352, 356, 358, 359, 360, 363, 364, 366, 367, 368, 377, 379, 380, 385, 390, 392, 393, 394, 407, 408, 416, 419, 420, 429, 430, 433, 442, 444, 454, 457, 458, 462, 465, 466, 474, 488, 492, 493, 496, 497, 501, 502, 519, 521, 531, 534, 542, 544, 554, 559, 561, 565, 572, 573, 575, 576, 578, 588, 599, 601, 602, 611, 613, 623, 624, 625, 626, 627, 629, 630, 631, 633], "summary": {"covered_lines": 150, "num_statements": 158, "percent_covered": 94.9367088607595, "percent_covered_display": "95", "missing_lines": 8, "excluded_lines": 0}, "missing_lines": [75, 76, 77, 476, 478, 506, 507, 517], "excluded_lines": [], "functions": {"CloudRunJobsService.__init__": {"executed_lines": [66, 67, 68, 71, 72, 73, 74, 79, 80], "summary": {"covered_lines": 9, "num_statements": 12, "percent_covered": 75.0, "percent_covered_display": "75", "missing_lines": 3, "excluded_lines": 0}, "missing_lines": [75, 76, 77], "excluded_lines": []}, "CloudRunJobsService.create_job_execution": {"executed_lines": [97, 109, 111, 112, 116, 119, 120, 124, 126, 132, 133, 135, 136, 137, 148, 150, 160, 162, 163, 164, 178, 179, 189, 192, 193, 202, 203, 206, 207, 217], "summary": {"covered_lines": 30, "num_statements": 30, "percent_covered": 100.0, "percent_covered_display": "100", "missing_lines": 0, "excluded_lines": 0}, "missing_lines": [], "excluded_lines": []}, "CloudRunJobsService._create_job_execution_internal": {"executed_lines": [231, 233, 235, 246, 252, 261, 271, 275, 278, 279, 283, 284, 292, 293, 303, 305], "summary": {"covered_lines": 16, "num_statements": 16, "percent_covered": 100.0, "percent_covered_display": "100", "missing_lines": 0, "excluded_lines": 0}, "missing_lines": [], "excluded_lines": []}, "CloudRunJobsService._is_non_retryable_error": {"executed_lines": [317, 320, 330], "summary": {"covered_lines": 3, "num_statements": 3, "percent_covered": 100.0, "percent_covered_display": "100", "missing_lines": 0, "excluded_lines": 0}, "missing_lines": [], "excluded_lines": []}, "CloudRunJobsService.cancel_job_execution": {"executed_lines": [345, 350, 352, 356, 358, 359, 360, 363, 364, 366, 367, 368, 377, 379, 380, 385, 390, 392, 393, 394, 407, 408, 416, 419, 420, 429, 430, 433, 442], "summary": {"covered_lines": 29, "num_statements": 29, "percent_covered": 100.0, "percent_covered_display": "100", "missing_lines": 0, "excluded_lines": 0}, "missing_lines": [], "excluded_lines": []}, "CloudRunJobsService._cancel_job_execution_internal": {"executed_lines": [454, 457, 458, 462, 465, 466, 474, 488, 492, 493, 496, 497, 501, 502, 519], "summary": {"covered_lines": 15, "num_statements": 20, "percent_covered": 75.0, "percent_covered_display": "75", "missing_lines": 5, "excluded_lines": 0}, "missing_lines": [476, 478, 506, 507, 517], "excluded_lines": []}, "CloudRunJobsService._is_cancellation_non_retryable_error": {"executed_lines": [531, 534, 542], "summary": {"covered_lines": 3, "num_statements": 3, "percent_covered": 100.0, "percent_covered_display": "100", "missing_lines": 0, "excluded_lines": 0}, "missing_lines": [], "excluded_lines": []}, "CloudRunJobsService.get_job_execution_status": {"executed_lines": [554, 559, 561, 565, 572, 573, 575, 576, 578, 588, 599, 601, 602, 611], "summary": {"covered_lines": 14, "num_statements": 14, "percent_covered": 100.0, "percent_covered_display": "100", "missing_lines": 0, "excluded_lines": 0}, "missing_lines": [], "excluded_lines": []}, "CloudRunJobsService._get_execution_status_string": {"executed_lines": [623, 624, 625, 626, 627, 629, 630, 631, 633], "summary": {"covered_lines": 9, "num_statements": 9, "percent_covered": 100.0, "percent_covered_display": "100", "missing_lines": 0, "excluded_lines": 0}, "missing_lines": [], "excluded_lines": []}, "": {"executed_lines": [1, 39, 40, 41, 42, 44, 47, 48, 49, 52, 53, 54, 57, 58, 61, 62, 63, 65, 82, 219, 307, 332, 444, 521, 544, 613], "summary": {"covered_lines": 22, "num_statements": 22, "percent_covered": 100.0, "percent_covered_display": "100", "missing_lines": 0, "excluded_lines": 0}, "missing_lines": [], "excluded_lines": []}}, "classes": {"JobExecutionError": {"executed_lines": [], "summary": {"covered_lines": 0, "num_statements": 0, "percent_covered": 100.0, "percent_covered_display": "100", "missing_lines": 0, "excluded_lines": 0}, "missing_lines": [], "excluded_lines": []}, "JobCancellationError": {"executed_lines": [], "summary": {"covered_lines": 0, "num_statements": 0, "percent_covered": 100.0, "percent_covered_display": "100", "missing_lines": 0, "excluded_lines": 0}, "missing_lines": [], "excluded_lines": []}, "CloudRunJobsService": {"executed_lines": [66, 67, 68, 71, 72, 73, 74, 79, 80, 97, 109, 111, 112, 116, 119, 120, 124, 126, 132, 133, 135, 136, 137, 148, 150, 160, 162, 163, 164, 178, 179, 189, 192, 193, 202, 203, 206, 207, 217, 231, 233, 235, 246, 252, 261, 271, 275, 278, 279, 283, 284, 292, 293, 303, 305, 317, 320, 330, 345, 350, 352, 356, 358, 359, 360, 363, 364, 366, 367, 368, 377, 379, 380, 385, 390, 392, 393, 394, 407, 408, 416, 419, 420, 429, 430, 433, 442, 454, 457, 458, 462, 465, 466, 474, 488, 492, 493, 496, 497, 501, 502, 519, 531, 534, 542, 554, 559, 561, 565, 572, 573, 575, 576, 578, 588, 599, 601, 602, 611, 623, 624, 625, 626, 627, 629, 630, 631, 633], "summary": {"covered_lines": 128, "num_statements": 136, "percent_covered": 94.11764705882354, "percent_covered_display": "94", "missing_lines": 8, "excluded_lines": 0}, "missing_lines": [75, 76, 77, 476, 478, 506, 507, 517], "excluded_lines": []}, "": {"executed_lines": [1, 39, 40, 41, 42, 44, 47, 48, 49, 52, 53, 54, 57, 58, 61, 62, 63, 65, 82, 219, 307, 332, 444, 521, 544, 613], "summary": {"covered_lines": 22, "num_statements": 22, "percent_covered": 100.0, "percent_covered_display": "100", "missing_lines": 0, "excluded_lines": 0}, "missing_lines": [], "excluded_lines": []}}}, "services/storage_service.py": {"executed_lines": [1, 6, 7, 9, 12, 13, 15, 33, 48, 63, 76], "summary": {"covered_lines": 9, "num_statements": 73, "percent_covered": 12.32876712328767, "percent_covered_display": "12", "missing_lines": 64, "excluded_lines": 0}, "missing_lines": [16, 19, 20, 21, 22, 23, 24, 25, 26, 27, 29, 30, 31, 35, 36, 37, 39, 40, 41, 42, 43, 44, 45, 46, 50, 51, 52, 54, 55, 56, 57, 58, 59, 60, 61, 65, 66, 68, 69, 70, 71, 72, 73, 74, 78, 79, 80, 82, 84, 86, 87, 88, 90, 93, 94, 95, 96, 98, 99, 100, 101, 102, 103, 104], "excluded_lines": [], "functions": {"StorageService.__init__": {"executed_lines": [], "summary": {"covered_lines": 0, "num_statements": 13, "percent_covered": 0.0, "percent_covered_display": "0", "missing_lines": 13, "excluded_lines": 0}, "missing_lines": [16, 19, 20, 21, 22, 23, 24, 25, 26, 27, 29, 30, 31], "excluded_lines": []}, "StorageService.upload_file": {"executed_lines": [], "summary": {"covered_lines": 0, "num_statements": 11, "percent_covered": 0.0, "percent_covered_display": "0", "missing_lines": 11, "excluded_lines": 0}, "missing_lines": [35, 36, 37, 39, 40, 41, 42, 43, 44, 45, 46], "excluded_lines": []}, "StorageService.download_file": {"executed_lines": [], "summary": {"covered_lines": 0, "num_statements": 11, "percent_covered": 0.0, "percent_covered_display": "0", "missing_lines": 11, "excluded_lines": 0}, "missing_lines": [50, 51, 52, 54, 55, 56, 57, 58, 59, 60, 61], "excluded_lines": []}, "StorageService.get_signed_url": {"executed_lines": [], "summary": {"covered_lines": 0, "num_statements": 9, "percent_covered": 0.0, "percent_covered_display": "0", "missing_lines": 9, "excluded_lines": 0}, "missing_lines": [65, 66, 68, 69, 70, 71, 72, 73, 74], "excluded_lines": []}, "StorageService.file_exists": {"executed_lines": [], "summary": {"covered_lines": 0, "num_statements": 20, "percent_covered": 0.0, "percent_covered_display": "0", "missing_lines": 20, "excluded_lines": 0}, "missing_lines": [78, 79, 80, 82, 84, 86, 87, 88, 90, 93, 94, 95, 96, 98, 99, 100, 101, 102, 103, 104], "excluded_lines": []}, "": {"executed_lines": [1, 6, 7, 9, 12, 13, 15, 33, 48, 63, 76], "summary": {"covered_lines": 9, "num_statements": 9, "percent_covered": 100.0, "percent_covered_display": "100", "missing_lines": 0, "excluded_lines": 0}, "missing_lines": [], "excluded_lines": []}}, "classes": {"StorageService": {"executed_lines": [], "summary": {"covered_lines": 0, "num_statements": 64, "percent_covered": 0.0, "percent_covered_display": "0", "missing_lines": 64, "excluded_lines": 0}, "missing_lines": [16, 19, 20, 21, 22, 23, 24, 25, 26, 27, 29, 30, 31, 35, 36, 37, 39, 40, 41, 42, 43, 44, 45, 46, 50, 51, 52, 54, 55, 56, 57, 58, 59, 60, 61, 65, 66, 68, 69, 70, 71, 72, 73, 74, 78, 79, 80, 82, 84, 86, 87, 88, 90, 93, 94, 95, 96, 98, 99, 100, 101, 102, 103, 104], "excluded_lines": []}, "": {"executed_lines": [1, 6, 7, 9, 12, 13, 15, 33, 48, 63, 76], "summary": {"covered_lines": 9, "num_statements": 9, "percent_covered": 100.0, "percent_covered_display": "100", "missing_lines": 0, "excluded_lines": 0}, "missing_lines": [], "excluded_lines": []}}}, "services/task_status_updater.py": {"executed_lines": [1, 37, 38, 39, 41, 44, 45, 52, 54, 56, 77, 79, 80, 83, 84, 85, 86, 87, 88, 89, 90, 92, 94, 104, 106, 107, 111, 120, 137, 139, 140, 142, 143, 144, 145, 146, 147, 149, 151, 159, 175, 192, 194, 195, 197, 198, 199, 200, 201, 202, 204, 206, 214, 230, 240, 242, 243, 245, 257, 258, 262], "summary": {"covered_lines": 59, "num_statements": 77, "percent_covered": 76.62337662337663, "percent_covered_display": "77", "missing_lines": 18, "excluded_lines": 0}, "missing_lines": [112, 113, 118, 161, 162, 166, 167, 168, 173, 216, 217, 221, 222, 223, 228, 263, 264, 269], "excluded_lines": [], "functions": {"TaskStatusUpdater.__init__": {"executed_lines": [54], "summary": {"covered_lines": 1, "num_statements": 1, "percent_covered": 100.0, "percent_covered_display": "100", "missing_lines": 0, "excluded_lines": 0}, "missing_lines": [], "excluded_lines": []}, "TaskStatusUpdater.update_status": {"executed_lines": [77, 79, 80, 83, 84, 85, 86, 87, 88, 89, 90, 92, 94, 104, 106, 107, 111], "summary": {"covered_lines": 17, "num_statements": 20, "percent_covered": 85.0, "percent_covered_display": "85", "missing_lines": 3, "excluded_lines": 0}, "missing_lines": [112, 113, 118], "excluded_lines": []}, "TaskStatusUpdater.mark_completed": {"executed_lines": [137, 139, 140, 142, 143, 144, 145, 146, 147, 149, 151, 159], "summary": {"covered_lines": 12, "num_statements": 18, "percent_covered": 66.66666666666667, "percent_covered_display": "67", "missing_lines": 6, "excluded_lines": 0}, "missing_lines": [161, 162, 166, 167, 168, 173], "excluded_lines": []}, "TaskStatusUpdater.mark_failed": {"executed_lines": [192, 194, 195, 197, 198, 199, 200, 201, 202, 204, 206, 214], "summary": {"covered_lines": 12, "num_statements": 18, "percent_covered": 66.66666666666667, "percent_covered_display": "67", "missing_lines": 6, "excluded_lines": 0}, "missing_lines": [216, 217, 221, 222, 223, 228], "excluded_lines": []}, "TaskStatusUpdater.get_task_status": {"executed_lines": [240, 242, 243, 245, 257, 258, 262], "summary": {"covered_lines": 7, "num_statements": 10, "percent_covered": 70.0, "percent_covered_display": "70", "missing_lines": 3, "excluded_lines": 0}, "missing_lines": [263, 264, 269], "excluded_lines": []}, "": {"executed_lines": [1, 37, 38, 39, 41, 44, 45, 52, 56, 120, 175, 230], "summary": {"covered_lines": 10, "num_statements": 10, "percent_covered": 100.0, "percent_covered_display": "100", "missing_lines": 0, "excluded_lines": 0}, "missing_lines": [], "excluded_lines": []}}, "classes": {"TaskStatusUpdater": {"executed_lines": [54, 77, 79, 80, 83, 84, 85, 86, 87, 88, 89, 90, 92, 94, 104, 106, 107, 111, 137, 139, 140, 142, 143, 144, 145, 146, 147, 149, 151, 159, 192, 194, 195, 197, 198, 199, 200, 201, 202, 204, 206, 214, 240, 242, 243, 245, 257, 258, 262], "summary": {"covered_lines": 49, "num_statements": 67, "percent_covered": 73.13432835820896, "percent_covered_display": "73", "missing_lines": 18, "excluded_lines": 0}, "missing_lines": [112, 113, 118, 161, 162, 166, 167, 168, 173, 216, 217, 221, 222, 223, 228, 263, 264, 269], "excluded_lines": []}, "": {"executed_lines": [1, 37, 38, 39, 41, 44, 45, 52, 56, 120, 175, 230], "summary": {"covered_lines": 10, "num_statements": 10, "percent_covered": 100.0, "percent_covered_display": "100", "missing_lines": 0, "excluded_lines": 0}, "missing_lines": [], "excluded_lines": []}}}, "services/vector_search_service.py": {"executed_lines": [1, 16, 17, 18, 19, 20, 21, 23, 25, 26, 27, 32, 35, 36, 37, 38, 39, 40, 41, 42, 43, 44, 45, 47, 49, 61, 62, 73, 80, 81, 82, 83, 84, 85, 86, 88, 89, 94, 96, 111, 112, 113, 115, 117, 119, 128, 130, 131, 132, 138, 139, 141, 144, 145, 146, 149, 150, 153, 164, 165, 166, 168, 174, 175, 178, 180, 193, 194, 196, 200, 203, 204, 207, 209, 214, 240, 241, 244, 245, 246, 248, 249, 255, 256, 257, 258, 259, 260, 262, 264, 266, 284, 287, 290, 293, 294, 295, 298, 301, 302, 304, 316, 317, 319, 320, 322, 341, 344, 345, 348, 351, 354, 355, 356, 359, 360, 362, 374, 375, 377, 378, 380, 391, 392, 393, 394, 396, 403, 404, 406, 407, 409, 411, 412, 413, 414, 415, 417, 424, 425, 433, 435, 446, 449, 461, 463, 464, 466], "summary": {"covered_lines": 145, "num_statements": 152, "percent_covered": 95.39473684210526, "percent_covered_display": "95", "missing_lines": 7, "excluded_lines": 0}, "missing_lines": [28, 29, 30, 120, 121, 122, 296], "excluded_lines": [], "functions": {"MoveResult.to_dict": {"executed_lines": [49], "summary": {"covered_lines": 1, "num_statements": 1, "percent_covered": 100.0, "percent_covered_display": "100", "missing_lines": 0, "excluded_lines": 0}, "missing_lines": [], "excluded_lines": []}, "VectorSearchService.__init__": {"executed_lines": [80, 81, 82, 83, 84, 85, 86, 88, 89, 94], "summary": {"covered_lines": 10, "num_statements": 10, "percent_covered": 100.0, "percent_covered_display": "100", "missing_lines": 0, "excluded_lines": 0}, "missing_lines": [], "excluded_lines": []}, "VectorSearchService.load_embeddings_from_db": {"executed_lines": [111, 112, 113, 115, 117, 119, 128, 130, 131, 132, 138, 139, 141, 144, 145, 146, 149, 150, 153, 164, 165, 166, 168, 174, 175, 178], "summary": {"covered_lines": 26, "num_statements": 29, "percent_covered": 89.65517241379311, "percent_covered_display": "90", "missing_lines": 3, "excluded_lines": 0}, "missing_lines": [120, 121, 122], "excluded_lines": []}, "VectorSearchService.build_faiss_index": {"executed_lines": [193, 194, 196, 200, 203, 204, 207, 209], "summary": {"covered_lines": 8, "num_statements": 8, "percent_covered": 100.0, "percent_covered_display": "100", "missing_lines": 0, "excluded_lines": 0}, "missing_lines": [], "excluded_lines": []}, "VectorSearchService.search_similar_moves": {"executed_lines": [240, 241, 244, 245, 246, 248, 249, 255, 256, 257, 258, 259, 260, 262, 264], "summary": {"covered_lines": 15, "num_statements": 15, "percent_covered": 100.0, "percent_covered_display": "100", "missing_lines": 0, "excluded_lines": 0}, "missing_lines": [], "excluded_lines": []}, "VectorSearchService._faiss_search": {"executed_lines": [284, 287, 290, 293, 294, 295, 298, 301, 302, 304, 316, 317, 319, 320], "summary": {"covered_lines": 14, "num_statements": 15, "percent_covered": 93.33333333333333, "percent_covered_display": "93", "missing_lines": 1, "excluded_lines": 0}, "missing_lines": [296], "excluded_lines": []}, "VectorSearchService._numpy_search": {"executed_lines": [341, 344, 345, 348, 351, 354, 355, 356, 359, 360, 362, 374, 375, 377, 378], "summary": {"covered_lines": 15, "num_statements": 15, "percent_covered": 100.0, "percent_covered_display": "100", "missing_lines": 0, "excluded_lines": 0}, "missing_lines": [], "excluded_lines": []}, "VectorSearchService._matches_filters": {"executed_lines": [391, 392, 393, 394], "summary": {"covered_lines": 4, "num_statements": 4, "percent_covered": 100.0, "percent_covered_display": "100", "missing_lines": 0, "excluded_lines": 0}, "missing_lines": [], "excluded_lines": []}, "VectorSearchService._is_cache_valid": {"executed_lines": [403, 404, 406, 407], "summary": {"covered_lines": 4, "num_statements": 4, "percent_covered": 100.0, "percent_covered_display": "100", "missing_lines": 0, "excluded_lines": 0}, "missing_lines": [], "excluded_lines": []}, "VectorSearchService.clear_cache": {"executed_lines": [411, 412, 413, 414, 415], "summary": {"covered_lines": 5, "num_statements": 5, "percent_covered": 100.0, "percent_covered_display": "100", "missing_lines": 0, "excluded_lines": 0}, "missing_lines": [], "excluded_lines": []}, "VectorSearchService.get_cache_info": {"executed_lines": [424, 425, 433, 435], "summary": {"covered_lines": 4, "num_statements": 4, "percent_covered": 100.0, "percent_covered_display": "100", "missing_lines": 0, "excluded_lines": 0}, "missing_lines": [], "excluded_lines": []}, "get_vector_search_service": {"executed_lines": [461, 463, 464, 466], "summary": {"covered_lines": 4, "num_statements": 4, "percent_covered": 100.0, "percent_covered_display": "100", "missing_lines": 0, "excluded_lines": 0}, "missing_lines": [], "excluded_lines": []}, "": {"executed_lines": [1, 16, 17, 18, 19, 20, 21, 23, 25, 26, 27, 32, 35, 36, 37, 38, 39, 40, 41, 42, 43, 44, 45, 47, 61, 62, 73, 96, 180, 214, 266, 322, 380, 396, 409, 417, 446, 449], "summary": {"covered_lines": 35, "num_statements": 38, "percent_covered": 92.10526315789474, "percent_covered_display": "92", "missing_lines": 3, "excluded_lines": 0}, "missing_lines": [28, 29, 30], "excluded_lines": []}}, "classes": {"MoveResult": {"executed_lines": [49], "summary": {"covered_lines": 1, "num_statements": 1, "percent_covered": 100.0, "percent_covered_display": "100", "missing_lines": 0, "excluded_lines": 0}, "missing_lines": [], "excluded_lines": []}, "VectorSearchService": {"executed_lines": [80, 81, 82, 83, 84, 85, 86, 88, 89, 94, 111, 112, 113, 115, 117, 119, 128, 130, 131, 132, 138, 139, 141, 144, 145, 146, 149, 150, 153, 164, 165, 166, 168, 174, 175, 178, 193, 194, 196, 200, 203, 204, 207, 209, 240, 241, 244, 245, 246, 248, 249, 255, 256, 257, 258, 259, 260, 262, 264, 284, 287, 290, 293, 294, 295, 298, 301, 302, 304, 316, 317, 319, 320, 341, 344, 345, 348, 351, 354, 355, 356, 359, 360, 362, 374, 375, 377, 378, 391, 392, 393, 394, 403, 404, 406, 407, 411, 412, 413, 414, 415, 424, 425, 433, 435], "summary": {"covered_lines": 105, "num_statements": 109, "percent_covered": 96.3302752293578, "percent_covered_display": "96", "missing_lines": 4, "excluded_lines": 0}, "missing_lines": [120, 121, 122, 296], "excluded_lines": []}, "": {"executed_lines": [1, 16, 17, 18, 19, 20, 21, 23, 25, 26, 27, 32, 35, 36, 37, 38, 39, 40, 41, 42, 43, 44, 45, 47, 61, 62, 73, 96, 180, 214, 266, 322, 380, 396, 409, 417, 446, 449, 461, 463, 464, 466], "summary": {"covered_lines": 39, "num_statements": 42, "percent_covered": 92.85714285714286, "percent_covered_display": "93", "missing_lines": 3, "excluded_lines": 0}, "missing_lines": [28, 29, 30], "excluded_lines": []}}}}, "totals": {"covered_lines": 897, "num_statements": 1279, "percent_covered": 70.13291634089133, "percent_covered_display": "70", "missing_lines": 382, "excluded_lines": 0}}